Build Image Log ----------
ID:     cs9-bootc
Image:  quay.io/aperotti/cs9-bootc
Type:   qcow2
Folder: /home/aperotti/src/bootc-demo/cs9
----------
{
  "name": "cs9-bootc-bootc-image-builder",
  "Image": "quay.io/centos-bootc/bootc-image-builder:sha256-8ef91986f03df5607a829a819aa35cf704727609f7656edc413c6e4d145293d1",
  "Tty": true,
  "HostConfig": {
    "Privileged": true,
    "SecurityOpt": [
      "label=type:unconfined_t"
    ],
    "Binds": [
      "/home/aperotti/src/bootc-demo/cs9:/output/",
      "/var/lib/containers/storage:/var/lib/containers/storage"
    ]
  },
  "Labels": {
    "bootc.image.builder": "true"
  },
  "Cmd": [
    "quay.io/aperotti/cs9-bootc:demo",
    "--output",
    "/output/",
    "--local",
    "--type",
    "qcow2",
    "--target-arch",
    "amd64",
    "--rootfs",
    "xfs",
    "--chown",
    "1000:1000"
  ]
}
----------
podman \
run \
--rm \
--name \
cs9-bootc-bootc-image-builder \
--tty \
--privileged \
--security-opt \
label=type:unconfined_t \
-v \
/home/aperotti/src/bootc-demo/cs9:/output/ \
-v \
/var/lib/containers/storage:/var/lib/containers/storage \
--label \
bootc.image.builder=true \
quay.io/centos-bootc/bootc-image-builder:sha256-8ef91986f03df5607a829a819aa35cf704727609f7656edc413c6e4d145293d1 \
quay.io/aperotti/cs9-bootc:demo \
--output \
/output/ \
--local \
--type \
qcow2 \
--target-arch \
amd64 \
--rootfs \
xfs \
--chown \
1000:1000
----------
Trying to pull quay.io/centos-bootc/bootc-image-builder:sha256-8ef91986f03df5607a829a819aa35cf704727609f7656edc413c6e4d145293d1...
Getting image source signatures
Copying blob sha256:d907935a8234d23257d728cb8c02dca2cbe6ceabccda63ba4826522bbcd52352
Copying blob sha256:d7daee9cdb600a82bacb53a10a1e59838e0cc3cc82de5dc280975e4a98587409
Copying blob sha256:999c1dd2d0b8e77e0067c6a3c7f3c63aa58013b4127d5575e72df434a63fc3bc
Copying config sha256:f64402d3369c46d2f3017d310c82e1e1d695b91afadcb3ab641a976a126aeed2
Writing manifest to image destination
Generating manifest manifest-qcow2.json
DONE
Building manifest-qcow2.json
starting -[0m[1mPipeline source org.osbuild.containers-storage: 0f72a55112331c2b80fea6bc50e6dfa3375be20f52030eb2cc7a47b217015aca[0m
Build
  root: <host>
[0m[1mPipeline build: 6ee741404735c8780201fad64cd79e4b4bd8e4dcd333fa58b63e192286ba522a[0m
Build
  root: <host>
  runner: org.osbuild.fedora38 (org.osbuild.fedora38)
[0m[1morg.osbuild.container-deploy: f98dc327cb229b0f2d6b106881e7df3d85dcae717869abad69a7005ebc73f320[0m {}
Getting image source signatures
Copying blob sha256:e56d94260646c086454b795e0fee62668aa25be71b81eff364f061436ebb2f29
Copying blob sha256:7c9fe90f8cb738e866f9df3682797759db07260cce5843b7b94a9b4c9b8a9b6d
Copying blob sha256:bc1abff2c8d4d62d4e06e3455d87c243f6620d0439dd0ac1c9d2891758c25f75
Copying blob sha256:bd5eddc8de2cfb2c7d43589dbad706cc59bbe3bd49b01b5172781c0329318f2d
Copying blob sha256:a32be3db265688f2e6c3839f63a3fffbc634aaf67dc9c27ce6823c8a77c6ba67
Copying blob sha256:aab95bca8856347e825f79f16030e29da7ac7590600b98cbf59f815d11eaefbf
Copying blob sha256:288bc3c6a3f56c2f92168cc4b5ead253356a7a2db73179739b73cb701cad3b64
Copying blob sha256:2615f42eb9487b1f8894db90ed21b4735d4e1b70cadde9ff557cee902092b2cb
Copying blob sha256:cf792b9b489c0c5b47d9601e5d3356af30c833b555eab59eb129beb4cce7a435
Copying blob sha256:adfa03143311247f529112150cfe63d310b95927d51ac285696a2bc387c81fb3
Copying blob sha256:89246bd448d9db012398ffa44a7eb9f751a11c23c70d9004b707dda3b73f8ec3
Copying blob sha256:e0c5bcac01de29b19c2fd50b5fb188c3154334d320a27bbbb563616f9d2e601f
Copying blob sha256:b61e212e9d43252b99cf602635546e797b63306992316e1ceaeb1e3b1c682061
Copying blob sha256:27ee843a716f8810b641d645d11bfd3a8c85f12b64d9a048b7367c067c54b0a0
Copying blob sha256:8be978066749ec06b7cd84bf6f77e26a19cb6414e6c44a30380fd9b0b775de9a
Copying blob sha256:43fcb2999cfe15a7a1f3f4d7a37ee8ffd5fed9bb3074e193101d9583b75714cd
Copying blob sha256:ee33e793d24264040b199c99f66288a041f0dd1bd62f244868dd1967d3f8b226
Copying blob sha256:195683b5c467e5ed2b2fc4bd896b3b124618a6066c3c1d77bcfe3b187fcbf719
Copying blob sha256:bd74975fd99d948f0b7b2d69e5e031921517a51878fbc161e72f82f6ed0920e9
Copying blob sha256:9660186beaf2e589b8a9aae5db03c53275381e4efc5d7426ec29589dc80371e5
Copying blob sha256:25ff64aa046179e20be6eb4781248d0f1bdf474448176434b63917b917910d13
Copying blob sha256:c154249fdf4a9e3413177370cd13fc4bfa72b4b5fade430718ebc7372566d927
Copying blob sha256:03f8187d462decd660e9d518a136c79c867bae006e6d4ad0e29cd476b7f81f5d
Copying blob sha256:7fd3632758b032d1f41d535673b314aad8ef42a63eb5eecad56bda93dc344621
Copying blob sha256:c249d73cae1c9cd161a2947f35cd08e9a1c99623263eca77f0c3cf743496d563
Copying blob sha256:153884b5b8400cb7d1ea6ba25e69c0021b6ff16066028404bf3f69a48a93cb9b
Copying blob sha256:f3ae84c6c13e9796ac3f6cfc7ce1d3fcaa959467990e5bacdced6306396d1464
Copying blob sha256:8bf2dcf18ec5748e2c8e10a6120442946787c797e08371844dfafb69955e396d
Copying blob sha256:9d24df12e5e38ab6ed1aaa92a247b3d4a7d4d47694d390cee490c3230c052a3e
Copying blob sha256:f24cd4a0d082f0fcec67ffa828116885613fbe6b89b624813edcc756a165091f
Copying blob sha256:69b91f1def4779a00343db294a8a0c0a311ee41da671ab64816ef0d87cf7c096
Copying blob sha256:5204b20645a92d428c01a26f7014f33a5b5cbe88f231edfe85e711e035b7b201
Copying blob sha256:498daa60cea51c371c28dcbcd3ec561661e4e960e1a5bd779b4d08f9df3aa552
Copying blob sha256:bb6c972328b5b8fae4429e433393179baa6e4825b27cce0caf7586204738c074
Copying blob sha256:7d161c5b31e1473be815535b979222a3c883508e67ad82ac63c08f5e8da5f5b3
Copying blob sha256:de01d566d8c5c65b2b0921f1d2f7db59543e0e931eb7ba807f3a5facf656300b
Copying blob sha256:e462482eb4ba94bef05d222d79f05af534ae405af812dc63afa2dc6c428bf334
Copying blob sha256:5bdd00cb32326aad58dbaf06710db5f5ff6e15821e36ca876286de8210a42ca4
Copying blob sha256:9a8884c89d8529c95fcb75a5627bbbf8381706fe0b85f3062169e9cd3aee1fb4
Copying blob sha256:d245d8abd5d345ac90bc1befdf77694f9a054b18a6a7b1453c476b96cac59bef
Copying blob sha256:cb7e5a3c398caad24d8684e803e0c418a0992d0e28f9d42ed448ab8a1f6d183e
Copying blob sha256:fc75012bb0e93381473343e8a44149fd0487766e588d4121c08e9e260beab587
Copying blob sha256:af8cb2171212d5c99ead4b0f2d72f9e97d6eca5b2402d43bd9bd7d2f404a7fea
Copying blob sha256:0738fb4c7ffff5e85bbb85ddd296bc287f790217cbbd35866ebedc158158d803
Copying blob sha256:3b4e943101ff6a430a396d0fc49b6c8663a50551799bf24871810922310188bf
Copying blob sha256:f294e41084507b206c8ca98a977ed4e415d510f8fb9977c42f346cde7afad2d8
Copying blob sha256:8ddb3c714494ac22a8a5e07079b3bd0ab3543dfa48bf9bbcf914f39d09a03768
Copying blob sha256:08f0546925a5dd125d1a47451bef9998dbdeea2c4606338bbe715dc7bdbbc615
Copying blob sha256:c9ac5e53bd4c88ba42d0edc1bc7e466c732d6f4266f31fefdde2d666fe69ec9f
Copying blob sha256:ff528b0a07103123713d41409f64a60690c606d1b56fd3b62c9506d50133c8a6
Copying blob sha256:0beaa6bb9330a6c5631a15e34478e2c6c4732a3c818d801cad4113a6a1f97027
Copying blob sha256:96c2d68e1d6b437cd48ade0d404dbcb711344584cecc10739ee3d3eab0dbe260
Copying blob sha256:a929e4d0c1297c6da5d6dd59cea3060c1cd95e2262929ad5df13687e828667e2
Copying blob sha256:5ad2d684da7e3a22d056675481ff9b621432d6bdce2a7f706c995d4fefb07c6a
Copying blob sha256:a7a5a6e63a92f97060036b4db16a5d48ce61987e86b0cae3fbb33000101b7c6c
Copying blob sha256:c0a7bf55964a0d92de9446fc15d9717fcf223b6d3b7fa5790d203c0f7deb30b5
Copying blob sha256:eafc127832548753b995b1cf45142b24f8e5cc49279dcd0f9f77eae74334fd74
Copying blob sha256:8d1b1d3c1f22599cb3e54a78609a332a818a486d8553ebff37119dab4e5002c3
Copying blob sha256:84580475da109f786687f7bc2b0e6b2de5dcbba52d03b2c87ccfa86652569de9
Copying blob sha256:ff4726cdaf082575d510e00da0aee033644c3f12ede47a92b8287d7e2beeda4e
Copying blob sha256:a0620dd4722c6885cc34e10c46f0f36d35bc8902013668642fb1f60fe5f8e9c9
Copying blob sha256:db561cdbdaa2d1d446704edc0610af2310c84e08e82e121e6165e3016e5d3beb
Copying blob sha256:a85d187914859a92d6a3e3eaf64cbc32252fdb3ece6362692077af46c705c2c3
Copying blob sha256:9583892699b562c0b2e15921872dbdc4baa9dfa06207a23be646c69f6b109701
Copying blob sha256:12787d84fa137cd5649a9005efe98ec9d05ea46245fdc50aecb7dd007f2035b1
Copying blob sha256:5f70bf18a086007016e948b04aed3b82103a36bea41755b6cddfaf10ace3c6ef
Copying blob sha256:920af06442c3854adeb6fc8f4eea3379dd54e45f312041a4e83e02026a5169be
Copying blob sha256:ebc492df4737b44b8dd1f5c3db16fb182b537e16097e73ea943c57f2ea560498
Copying config sha256:328d4ad15dce6820923e692db134b70c2755125b154aa09bafe8fe4fb690d05b
Writing manifest to image destination
328d4ad15dce6820923e692db134b70c2755125b154aa09bafe8fe4fb690d05b
Untagged: docker.io/library/tmp-container-deploy-12826057793128:latest
Deleted: 328d4ad15dce6820923e692db134b70c2755125b154aa09bafe8fe4fb690d05b

⏱  Duration: 38s
[0m[1morg.osbuild.selinux: 6ee741404735c8780201fad64cd79e4b4bd8e4dcd333fa58b63e192286ba522a[0m {
  "file_contexts": "etc/selinux/targeted/contexts/files/file_contexts",
  "exclude_paths": [
    "/sysroot"
  ],
  "labels": {
    "/usr/bin/mount": "system_u:object_r:install_exec_t:s0",
    "/usr/bin/ostree": "system_u:object_r:install_exec_t:s0",
    "/usr/bin/umount": "system_u:object_r:install_exec_t:s0"
  }
}
setfiles: Regex version mismatch, expected: 10.44 2024-06-07 actual: 10.40 2022-04-14
setfiles: Regex version mismatch, expected: 10.44 2024-06-07 actual: 10.40 2022-04-14

⏱  Duration: 7s
[0m[1mPipeline image: 08c110a7a22d99bbba6e9ef75c186b1a36527aca9f77893e8fb206227b2fe4cd[0m
Build
  root: 6ee741404735c8780201fad64cd79e4b4bd8e4dcd333fa58b63e192286ba522a
  runner: org.osbuild.linux (org.osbuild.linux)
[0m[1morg.osbuild.truncate: 0b701c6d9d3431ff79e1838e1b435e4798876c7607d539aefd273f195551a831[0m {
  "filename": "disk.raw",
  "size": "10737418240"
}

⏱  Duration: 0s
[0m[1morg.osbuild.sfdisk: a8dc7e1c77846413c659619141e5bcce016b0734eaa41c528504ba49c96f3d2c[0m {
  "label": "gpt",
  "uuid": "D209C89E-EA5E-4FBD-B161-B461CCE297E0",
  "partitions": [
    {
      "bootable": true,
      "size": 2048,
      "start": 2048,
      "type": "21686148-6449-6E6F-744E-656564454649",
      "uuid": "FAC7F1FB-3E8D-4137-A512-961DE09A5549"
    },
    {
      "size": 1026048,
      "start": 4096,
      "type": "C12A7328-F81F-11D2-BA4B-00A0C93EC93B",
      "uuid": "68B2905B-DF3E-4FB3-80FA-49D1E773AA33"
    },
    {
      "size": 2097152,
      "start": 1030144,
      "type": "0FC63DAF-8483-4772-8E79-3D69D8477DE4",
      "uuid": "CB07C243-BC44-4717-853E-28852021225B"
    },
    {
      "size": 17844191,
      "start": 3127296,
      "type": "0FC63DAF-8483-4772-8E79-3D69D8477DE4",
      "uuid": "6264D520-3FB9-423F-8AB8-7A0A8E3D3562"
    }
  ]
}
device/device (org.osbuild.loopback): loop1 acquired (locked: True)
label: gpt
label-id: D209C89E-EA5E-4FBD-B161-B461CCE297E0
start="2048", size="2048", type="21686148-6449-6E6F-744E-656564454649", uuid="FAC7F1FB-3E8D-4137-A512-961DE09A5549", bootable
start="4096", size="1026048", type="C12A7328-F81F-11D2-BA4B-00A0C93EC93B", uuid="68B2905B-DF3E-4FB3-80FA-49D1E773AA33"
start="1030144", size="2097152", type="0FC63DAF-8483-4772-8E79-3D69D8477DE4", uuid="CB07C243-BC44-4717-853E-28852021225B"
start="3127296", size="17844191", type="0FC63DAF-8483-4772-8E79-3D69D8477DE4", uuid="6264D520-3FB9-423F-8AB8-7A0A8E3D3562"
{
   "partitiontable": {
      "label": "gpt",
      "id": "D209C89E-EA5E-4FBD-B161-B461CCE297E0",
      "device": "/dev/loop1",
      "unit": "sectors",
      "firstlba": 2048,
      "lastlba": 20971486,
      "sectorsize": 512,
      "partitions": [
         {
            "node": "/dev/loop1p1",
            "start": 2048,
            "size": 2048,
            "type": "21686148-6449-6E6F-744E-656564454649",
            "uuid": "FAC7F1FB-3E8D-4137-A512-961DE09A5549"
         },{
            "node": "/dev/loop1p2",
            "start": 4096,
            "size": 1026048,
            "type": "C12A7328-F81F-11D2-BA4B-00A0C93EC93B",
            "uuid": "68B2905B-DF3E-4FB3-80FA-49D1E773AA33"
         },{
            "node": "/dev/loop1p3",
            "start": 1030144,
            "size": 2097152,
            "type": "0FC63DAF-8483-4772-8E79-3D69D8477DE4",
            "uuid": "CB07C243-BC44-4717-853E-28852021225B"
         },{
            "node": "/dev/loop1p4",
            "start": 3127296,
            "size": 17844191,
            "type": "0FC63DAF-8483-4772-8E79-3D69D8477DE4",
            "uuid": "6264D520-3FB9-423F-8AB8-7A0A8E3D3562"
         }
      ]
   }
}

⏱  Duration: 0s
[0m[1morg.osbuild.mkfs.fat: 16060a1c12bcf26a850b2f499d731dcefec4a18ab8c73757efd420945bb9725d[0m {
  "volid": "7B7795E7"
}
device/device (org.osbuild.loopback): loop1 acquired (locked: True)
mkfs.fat 4.2 (2021-01-31)

⏱  Duration: 0s
[0m[1morg.osbuild.mkfs.xfs: 4704417e06d4a899a4e7206eac647806d1d685e711b3507eeb70c8e76402d645[0m {
  "uuid": "45dee191-89f1-4591-acce-5c99e6b6115c",
  "label": "boot"
}
device/device (org.osbuild.loopback): loop1 acquired (locked: True)
meta-data=/dev/loop1             isize=512    agcount=4, agsize=65536 blks
         =                       sectsz=512   attr=2, projid32bit=1
         =                       crc=1        finobt=1, sparse=1, rmapbt=0
         =                       reflink=1    bigtime=1 inobtcount=1 nrext64=0
data     =                       bsize=4096   blocks=262144, imaxpct=25
         =                       sunit=0      swidth=0 blks
naming   =version 2              bsize=4096   ascii-ci=0, ftype=1
log      =internal log           bsize=4096   blocks=16384, version=2
         =                       sectsz=512   sunit=0 blks, lazy-count=1
realtime =none                   extsz=4096   blocks=0, rtextents=0
Discarding blocks...Done.

⏱  Duration: 0s
[0m[1morg.osbuild.mkfs.xfs: 71ab5a9bbbf3eefbbb3105e5cf643255507dfc2b66d4dafedf77a7185f7c2ac6[0m {
  "uuid": "7b62ebdf-d304-4bd1-8aae-320aabc83b83",
  "label": "root"
}
device/device (org.osbuild.loopback): loop1 acquired (locked: True)
meta-data=/dev/loop1             isize=512    agcount=4, agsize=557631 blks
         =                       sectsz=512   attr=2, projid32bit=1
         =                       crc=1        finobt=1, sparse=1, rmapbt=0
         =                       reflink=1    bigtime=1 inobtcount=1 nrext64=0
data     =                       bsize=4096   blocks=2230523, imaxpct=25
         =                       sunit=0      swidth=0 blks
naming   =version 2              bsize=4096   ascii-ci=0, ftype=1
log      =internal log           bsize=4096   blocks=16384, version=2
         =                       sectsz=512   sunit=0 blks, lazy-count=1
realtime =none                   extsz=4096   blocks=0, rtextents=0
Discarding blocks...Done.

⏱  Duration: 0s
[0m[1morg.osbuild.bootc.install-to-filesystem: b5c9317d4f94f10a2de05d106b32798befde6f392001f287fec349f6f2cdf05c[0m {
  "kernel-args": [
    "rw",
    "console=tty0",
    "console=ttyS0"
  ],
  "target-imgref": "quay.io/aperotti/cs9-bootc:demo"
}
device/disk (org.osbuild.loopback): loop1 acquired (locked: False)
mount/- (org.osbuild.xfs): mounting /dev/loop1p4 -> /store/tmp/buildroot-tmp-2ij9h89n/mounts/
mount/boot (org.osbuild.xfs): mounting /dev/loop1p3 -> /store/tmp/buildroot-tmp-2ij9h89n/mounts/boot
mount/boot-efi (org.osbuild.fat): mounting /dev/loop1p2 -> /store/tmp/buildroot-tmp-2ij9h89n/mounts/boot/efi
Mount transient overlayfs for /etc/containers
Creating bind mount for run/osbuild/containers
Host kernel does not have SELinux support, but target enables it by default; this is less well tested.  See https://github.com/containers/bootc/issues/419
Installing image: docker://quay.io/aperotti/cs9-bootc:demo
Initializing ostree layout
Initializing sysroot
ostree/deploy/default initialized as OSTree stateroot
REPOSITORY  TAG         IMAGE ID    CREATED     SIZE
layers already present: 0; layers needed: 68 (1.6 GB)
Fetched layers: 1.50 GiB in 30 seconds (51.79 MiB/s)
Deploying container image...done
Running bootupctl to install bootloader
> bootupctl backend install --write-uuid --device /dev/loop1 /run/osbuild/mounts
Installed: grub.cfg
Installed: "centos/grub.cfg"
Trimming mounts
/run/osbuild/mounts: 8.5 GiB (9136222208 bytes) trimmed
Finalizing filesystem mounts
Trimming boot
/run/osbuild/mounts/boot: 1 GiB (1073741824 bytes) trimmed
Finalizing filesystem boot
Installation complete!
mount/boot-efi (org.osbuild.fat): umount: /store/tmp/buildroot-tmp-2ij9h89n/mounts/boot/efi unmounted
mount/boot (org.osbuild.xfs): umount: /store/tmp/buildroot-tmp-2ij9h89n/mounts/boot unmounted
mount/- (org.osbuild.xfs): umount: /store/tmp/buildroot-tmp-2ij9h89n/mounts/ unmounted

⏱  Duration: 52s
[0m[1morg.osbuild.fstab: 08c110a7a22d99bbba6e9ef75c186b1a36527aca9f77893e8fb206227b2fe4cd[0m {
  "filesystems": [
    {
      "uuid": "7b62ebdf-d304-4bd1-8aae-320aabc83b83",
      "vfs_type": "xfs",
      "path": "/",
      "options": "ro",
      "freq": 1,
      "passno": 1
    },
    {
      "uuid": "45dee191-89f1-4591-acce-5c99e6b6115c",
      "vfs_type": "xfs",
      "path": "/boot",
      "options": "ro",
      "freq": 1,
      "passno": 2
    },
    {
      "uuid": "7B77-95E7",
      "vfs_type": "vfat",
      "path": "/boot/efi",
      "options": "umask=0077,shortname=winnt",
      "passno": 2
    }
  ]
}
device/disk (org.osbuild.loopback): loop1 acquired (locked: False)
mount/- (org.osbuild.xfs): mounting /dev/loop1p4 -> /store/tmp/buildroot-tmp-0uwpcl3c/mounts/
mount/boot (org.osbuild.xfs): mounting /dev/loop1p3 -> /store/tmp/buildroot-tmp-0uwpcl3c/mounts/boot
mount/boot-efi (org.osbuild.fat): mounting /dev/loop1p2 -> /store/tmp/buildroot-tmp-0uwpcl3c/mounts/boot/efi
mount/ostree.deployment (org.osbuild.ostree.deployment): Deployment root at 'ostree/deploy/default/deploy/19ac3b3ea64c328cb605048bb2414f62a5632fa765c0bba9e5d6b02f1abd3992.0'
mount/bind-ostree-deployment-to-tree (org.osbuild.bind): umount: /store/stage/uuid-c6c06b03c42041a4b01c5df8a2bf97ca/data/tree/boot unmounted
mount/bind-ostree-deployment-to-tree (org.osbuild.bind): umount: /store/stage/uuid-c6c06b03c42041a4b01c5df8a2bf97ca/data/tree/var unmounted
mount/bind-ostree-deployment-to-tree (org.osbuild.bind): umount: /store/stage/uuid-c6c06b03c42041a4b01c5df8a2bf97ca/data/tree/sysroot unmounted
mount/bind-ostree-deployment-to-tree (org.osbuild.bind): umount: /store/stage/uuid-c6c06b03c42041a4b01c5df8a2bf97ca/data/tree unmounted
mount/ostree.deployment (org.osbuild.ostree.deployment): mounting /store/tmp/buildroot-tmp-0uwpcl3c/mounts/ostree/deploy/default/deploy/19ac3b3ea64c328cb605048bb2414f62a5632fa765c0bba9e5d6b02f1abd3992.0 -> /store/tmp/buildroot-tmp-0uwpcl3c/mounts
mount/ostree.deployment (org.osbuild.ostree.deployment): umount: /store/tmp/buildroot-tmp-0uwpcl3c/mounts/boot unmounted
mount/ostree.deployment (org.osbuild.ostree.deployment): umount: /store/tmp/buildroot-tmp-0uwpcl3c/mounts/var unmounted
mount/ostree.deployment (org.osbuild.ostree.deployment): umount: /store/tmp/buildroot-tmp-0uwpcl3c/mounts/sysroot unmounted
mount/ostree.deployment (org.osbuild.ostree.deployment): umount: /store/tmp/buildroot-tmp-0uwpcl3c/mounts unmounted
mount/ostree.deployment (org.osbuild.ostree.deployment): umount: /store/tmp/buildroot-tmp-0uwpcl3c/mounts unmounted
mount/ostree.deployment (org.osbuild.ostree.deployment): umount: /store/tmp/buildroot-tmp-0uwpcl3c/mounts/boot/efi unmounted
mount/ostree.deployment (org.osbuild.ostree.deployment): umount: /store/tmp/buildroot-tmp-0uwpcl3c/mounts/boot unmounted
mount/ostree.deployment (org.osbuild.ostree.deployment): umount: /store/tmp/buildroot-tmp-0uwpcl3c/mounts unmounted
mount/boot-efi (org.osbuild.fat): already unmounted: /store/tmp/buildroot-tmp-0uwpcl3c/mounts/boot/efi
mount/boot (org.osbuild.xfs): already unmounted: /store/tmp/buildroot-tmp-0uwpcl3c/mounts/boot
mount/- (org.osbuild.xfs): already unmounted: /store/tmp/buildroot-tmp-0uwpcl3c/mounts/

⏱  Duration: 0s
[0m[1mPipeline qcow2: 11ef7ea5736ca8191a9a1a2d8f3bf0694250b4145e973784e6f8b83f0222b13a[0m
Build
  root: <host>
  runner: org.osbuild.fedora38 (org.osbuild.fedora38)
[0m[1morg.osbuild.qemu: 11ef7ea5736ca8191a9a1a2d8f3bf0694250b4145e973784e6f8b83f0222b13a[0m {
  "filename": "disk.qcow2",
  "format": {
    "type": "qcow2",
    "compat": ""
  }
}

⏱  Duration: 26s
manifest - finished successfully
build:    	6ee741404735c8780201fad64cd79e4b4bd8e4dcd333fa58b63e192286ba522a
image:    	08c110a7a22d99bbba6e9ef75c186b1a36527aca9f77893e8fb206227b2fe4cd
qcow2:    	11ef7ea5736ca8191a9a1a2d8f3bf0694250b4145e973784e6f8b83f0222b13a
vmdk:     	1dd8797d9509a9c8118a9b8e9ef2b37c5690ee55d62da2a215ee45dedb57ab9c
vpc:      	f57a4fa22f587ecbed4719c1aa45bdf11e9b0d947c6a632ee5c11bdfaa18ed73
ovf:      	1d82aeb62057fe4fec07a25c7dc6e331d45f119738029d0e80d5b2b12ef88f2b
archive:  	ff0603c44eabca62584f1058a725d735020ce012b38cba674fcff893f0b5b604
Build complete!
Results saved in
/output/
